#! c:/iverilog-x64/bin/vvp
:ivl_version "10.1 (stable)" "(v10_1_1)";
:ivl_delay_selection "TYPICAL";
:vpi_time_precision + 0;
:vpi_module "system";
:vpi_module "vhdl_sys";
:vpi_module "v2005_math";
:vpi_module "va_math";
S_0000000002867fd0 .scope module, "testbench" "testbench" 2 15;
 .timescale 0 0;
v00000000028665b0_0 .var "currentTemp", 2 0;
v0000000002866650_0 .net "fanOn", 0 0, L_00000000028ba050;  1 drivers
v00000000028666f0_0 .var "presetTemp", 2 0;
E_000000000095c0a0 .event edge, v000000000095eef0_0;
S_0000000002866390 .scope module, "thermostat" "Thermostat" 2 28, 2 71 0, S_0000000002867fd0;
 .timescale 0 0;
    .port_info 0 /INPUT 3 "presetTemp"
    .port_info 1 /INPUT 3 "currentTemp"
    .port_info 2 /OUTPUT 1 "fanOn"
v000000000095eef0_0 .net "currentTemp", 2 0, v00000000028665b0_0;  1 drivers
v0000000002868150_0 .net "fanOn", 0 0, L_00000000028ba050;  alias, 1 drivers
v0000000002866510_0 .net "presetTemp", 2 0, v00000000028666f0_0;  1 drivers
L_00000000028ba050 .cmp/gt 3, v00000000028665b0_0, v00000000028666f0_0;
    .scope S_0000000002867fd0;
T_0 ;
    %vpi_call 2 34 "$display", " Preset Current  Fan" {0 0 0};
    %pushi/vec4 3, 0, 3;
    %cassign/vec4 v00000000028666f0_0;
    %pushi/vec4 0, 0, 3;
    %cassign/vec4 v00000000028665b0_0;
    %delay 10, 0;
    %pushi/vec4 1, 0, 3;
    %cassign/vec4 v00000000028665b0_0;
    %delay 10, 0;
    %pushi/vec4 2, 0, 3;
    %cassign/vec4 v00000000028665b0_0;
    %delay 10, 0;
    %pushi/vec4 3, 0, 3;
    %cassign/vec4 v00000000028665b0_0;
    %delay 10, 0;
    %pushi/vec4 4, 0, 3;
    %cassign/vec4 v00000000028665b0_0;
    %delay 10, 0;
    %pushi/vec4 5, 0, 3;
    %cassign/vec4 v00000000028665b0_0;
    %delay 10, 0;
    %pushi/vec4 6, 0, 3;
    %cassign/vec4 v00000000028665b0_0;
    %delay 10, 0;
    %pushi/vec4 7, 0, 3;
    %cassign/vec4 v00000000028665b0_0;
    %delay 50, 0;
    %vpi_call 2 51 "$finish" {0 0 0};
    %end;
    .thread T_0;
    .scope S_0000000002867fd0;
T_1 ;
    %wait E_000000000095c0a0;
    %vpi_call 2 57 "$display", "# %b     %b  -> %b", v00000000028666f0_0, v00000000028665b0_0, v0000000002866650_0 {0 0 0};
    %jmp T_1;
    .thread T_1, $push;
# The file index is used to find the file name in the following table.
:file_names 3;
    "N/A";
    "<interactive>";
    "thermo.v";
